# JRE version: Java(TM) SE Runtime Environment (11.0.2+9) (build 11.0.2+9-LTS)
# Java VM: Java HotSpot(TM) 64-Bit Server VM (11.0.2+9-LTS, mixed mode, tiered, compressed oops, g1 gc, windows-amd64)
Heap:
 garbage-first heap   total 190464K, used 94176K [0x0000000081600000, 0x0000000100000000)
  region size 1024K, 73 young (74752K), 10 survivors (10240K)
 Metaspace       used 68882K, capacity 70445K, committed 70576K, reserved 1110016K
  class space    used 8763K, capacity 9367K, committed 9472K, reserved 1048576K
GC Heap History (10 events):
Event: 4.781 GC heap before
{Heap before GC invocations=9 (full 0):
 garbage-first heap   total 158720K, used 96104K [0x0000000081600000, 0x0000000100000000)
  region size 1024K, 86 young (88064K), 7 survivors (7168K)
 Metaspace       used 41019K, capacity 42192K, committed 42288K, reserved 1085440K
  class space    used 5044K, capacity 5476K, committed 5504K, reserved 1048576K
}
Event: 4.796 GC heap after
{Heap after GC invocations=10 (full 0):
 garbage-first heap   total 158720K, used 20885K [0x0000000081600000, 0x0000000100000000)
  region size 1024K, 10 young (10240K), 10 survivors (10240K)
 Metaspace       used 41019K, capacity 42192K, committed 42288K, reserved 1085440K
  class space    used 5044K, capacity 5476K, committed 5504K, reserved 1048576K
}
Event: 5.255 GC heap before
{Heap before GC invocations=10 (full 0):
 garbage-first heap   total 158720K, used 101781K [0x0000000081600000, 0x0000000100000000)
  region size 1024K, 90 young (92160K), 10 survivors (10240K)
 Metaspace       used 43774K, capacity 45018K, committed 45232K, reserved 1089536K
  class space    used 5325K, capacity 5799K, committed 5888K, reserved 1048576K
}
Event: 5.269 GC heap after
{Heap after GC invocations=11 (full 0):
 garbage-first heap   total 190464K, used 23020K [0x0000000081600000, 0x0000000100000000)
  region size 1024K, 8 young (8192K), 8 survivors (8192K)
 Metaspace       used 43774K, capacity 45018K, committed 45232K, reserved 1089536K
  class space    used 5325K, capacity 5799K, committed 5888K, reserved 1048576K
}
Event: 6.682 GC heap before
{Heap before GC invocations=11 (full 0):
 garbage-first heap   total 190464K, used 123372K [0x0000000081600000, 0x0000000100000000)
  region size 1024K, 107 young (109568K), 8 survivors (8192K)
 Metaspace       used 57965K, capacity 59348K, committed 59568K, reserved 1101824K
  class space    used 7360K, capacity 7901K, committed 7936K, reserved 1048576K
}
Event: 6.698 GC heap after
{Heap after GC invocations=12 (full 0):
 garbage-first heap   total 190464K, used 26965K [0x0000000081600000, 0x0000000100000000)
  region size 1024K, 12 young (12288K), 12 survivors (12288K)
 Metaspace       used 57965K, capacity 59348K, committed 59568K, reserved 1101824K
  class space    used 7360K, capacity 7901K, committed 7936K, reserved 1048576K
}
Event: 6.764 GC heap before
{Heap before GC invocations=12 (full 0):
 garbage-first heap   total 190464K, used 32085K [0x0000000081600000, 0x0000000100000000)
  region size 1024K, 18 young (18432K), 12 survivors (12288K)
 Metaspace       used 58721K, capacity 60092K, committed 60208K, reserved 1101824K
  class space    used 7457K, capacity 8000K, committed 8064K, reserved 1048576K
}
Event: 6.777 GC heap after
{Heap after GC invocations=13 (full 0):
 garbage-first heap   total 190464K, used 27591K [0x0000000081600000, 0x0000000100000000)
  region size 1024K, 7 young (7168K), 7 survivors (7168K)
 Metaspace       used 58721K, capacity 60092K, committed 60208K, reserved 1101824K
  class space    used 7457K, capacity 8000K, committed 8064K, reserved 1048576K
}
Event: 8.648 GC heap before
{Heap before GC invocations=14 (full 0):
 garbage-first heap   total 190464K, used 134087K [0x0000000081600000, 0x0000000100000000)
  region size 1024K, 111 young (113664K), 7 survivors (7168K)
 Metaspace       used 63393K, capacity 64903K, committed 64944K, reserved 1105920K
  class space    used 8118K, capacity 8682K, committed 8704K, reserved 1048576K
}
Event: 8.663 GC heap after
{Heap after GC invocations=15 (full 0):
 garbage-first heap   total 190464K, used 30688K [0x0000000081600000, 0x0000000100000000)
  region size 1024K, 10 young (10240K), 10 survivors (10240K)
 Metaspace       used 63393K, capacity 64903K, committed 64944K, reserved 1105920K
  class space    used 8118K, capacity 8682K, committed 8704K, reserved 1048576K
}

